i: 3
[x.p_gpu]:0x7f84e0000000  [y.p_gpu]:0x7f84e4000000  [z.p_gpu]:0x7f84e800000c  [offset ]:12 	[Max_Err]: 0 [FuncName]: grid-stride loop	[TimeSpan]: 0.265824 ms	[Bwidth(GB/s)]: 757.368


CUDA API Statistics:

 Time(%)  Total Time (ns)  Num Calls     Average      Minimum     Maximum            Name         
 -------  ---------------  ---------  -------------  ---------  -----------  ---------------------
    85.9      387,468,868          3  129,156,289.3    381,562  386,676,737  cudaMalloc           
    13.9       62,517,771          3   20,839,257.0  7,910,222   46,630,228  cudaMemcpy           
     0.2          811,381          3      270,460.3      1,881      482,765  cudaFree             
     0.1          340,286          1      340,286.0    340,286      340,286  cudaEventSynchronize 
     0.0           61,463          1       61,463.0     61,463       61,463  cudaMemset           
     0.0           23,651          1       23,651.0     23,651       23,651  cudaLaunchKernel     
     0.0           12,955          2        6,477.5      3,765        9,190  cudaEventRecord      
     0.0           11,413          2        5,706.5      1,172       10,241  cudaEventDestroy     
     0.0            8,813          2        4,406.5      1,215        7,598  cudaEventCreate      
     0.0            8,334          1        8,334.0      8,334        8,334  cudaDeviceSynchronize



CUDA Kernel Statistics:

 Time(%)  Total Time (ns)  Instances   Average   Minimum  Maximum                           Name                         
 -------  ---------------  ---------  ---------  -------  -------  ------------------------------------------------------
   100.0          260,511          1  260,511.0  260,511  260,511  grid_stride_add(float*, float*, float*, unsigned long)



CUDA Memory Operation Statistics (by time):

 Time(%)  Total Time (ns)  Operations    Average      Minimum     Maximum        Operation     
 -------  ---------------  ----------  ------------  ----------  ----------  ------------------
    74.2       45,249,874           1  45,249,874.0  45,249,874  45,249,874  [CUDA memcpy DtoH]
    25.7       15,647,130           2   7,823,565.0   7,784,909   7,862,221  [CUDA memcpy HtoD]
     0.1           80,512           1      80,512.0      80,512      80,512  [CUDA memset]     



CUDA Memory Operation Statistics (by size in KiB):

    Total     Operations   Average     Minimum     Maximum        Operation     
 -----------  ----------  ----------  ----------  ----------  ------------------
  65,536.000           1  65,536.000  65,536.000  65,536.000  [CUDA memcpy DtoH]
  65,536.000           1  65,536.000  65,536.000  65,536.000  [CUDA memset]     
 131,072.000           2  65,536.000  65,536.000  65,536.000  [CUDA memcpy HtoD]

