i: 5
[x.p_gpu]:0x7f98aa000000  [y.p_gpu]:0x7f98ae000000  [z.p_gpu]:0x7f98b2000014  [offset ]:20 	[Max_Err]: 0 [FuncName]: grid-stride loop	[TimeSpan]: 0.264128 ms	[Bwidth(GB/s)]: 762.231


CUDA API Statistics:

 Time(%)  Total Time (ns)  Num Calls     Average      Minimum      Maximum            Name         
 -------  ---------------  ---------  -------------  ----------  -----------  ---------------------
    83.6      392,699,304          3  130,899,768.0     352,768  391,982,214  cudaMalloc           
    16.2       76,032,304          3   25,344,101.3  14,610,514   46,781,323  cudaMemcpy           
     0.2          806,276          3      268,758.7       1,957      483,598  cudaFree             
     0.1          342,511          1      342,511.0     342,511      342,511  cudaEventSynchronize 
     0.0           60,038          1       60,038.0      60,038       60,038  cudaMemset           
     0.0           23,662          1       23,662.0      23,662       23,662  cudaLaunchKernel     
     0.0           12,603          2        6,301.5       3,785        8,818  cudaEventRecord      
     0.0            9,437          2        4,718.5         981        8,456  cudaEventDestroy     
     0.0            8,376          1        8,376.0       8,376        8,376  cudaDeviceSynchronize
     0.0            7,734          2        3,867.0       1,010        6,724  cudaEventCreate      



CUDA Kernel Statistics:

 Time(%)  Total Time (ns)  Instances   Average   Minimum  Maximum                           Name                         
 -------  ---------------  ---------  ---------  -------  -------  ------------------------------------------------------
   100.0          259,040          1  259,040.0  259,040  259,040  grid_stride_add(float*, float*, float*, unsigned long)



CUDA Memory Operation Statistics (by time):

 Time(%)  Total Time (ns)  Operations    Average      Minimum     Maximum        Operation     
 -------  ---------------  ----------  ------------  ----------  ----------  ------------------
    61.1       45,386,832           1  45,386,832.0  45,386,832  45,386,832  [CUDA memcpy DtoH]
    38.8       28,795,801           2  14,397,900.5  14,395,229  14,400,572  [CUDA memcpy HtoD]
     0.1           80,543           1      80,543.0      80,543      80,543  [CUDA memset]     



CUDA Memory Operation Statistics (by size in KiB):

    Total     Operations   Average     Minimum     Maximum        Operation     
 -----------  ----------  ----------  ----------  ----------  ------------------
  65,536.000           1  65,536.000  65,536.000  65,536.000  [CUDA memcpy DtoH]
  65,536.000           1  65,536.000  65,536.000  65,536.000  [CUDA memset]     
 131,072.000           2  65,536.000  65,536.000  65,536.000  [CUDA memcpy HtoD]

