i: 7
[x.p_gpu]:0x7f9520000000  [y.p_gpu]:0x7f9524000000  [z.p_gpu]:0x7f952800001c  [offset ]:28 	[Max_Err]: 0 [FuncName]: grid-stride loop	[TimeSpan]: 0.265184 ms	[Bwidth(GB/s)]: 759.196


CUDA API Statistics:

 Time(%)  Total Time (ns)  Num Calls     Average      Minimum      Maximum            Name         
 -------  ---------------  ---------  -------------  ----------  -----------  ---------------------
    82.0      350,948,085          3  116,982,695.0     349,115  350,244,704  cudaMalloc           
    17.7       75,650,557          3   25,216,852.3  14,515,352   46,459,997  cudaMemcpy           
     0.2          790,427          3      263,475.7       1,596      462,973  cudaFree             
     0.1          341,283          1      341,283.0     341,283      341,283  cudaEventSynchronize 
     0.0           57,439          1       57,439.0      57,439       57,439  cudaMemset           
     0.0           22,122          1       22,122.0      22,122       22,122  cudaLaunchKernel     
     0.0           12,980          2        6,490.0       3,854        9,126  cudaEventRecord      
     0.0            8,578          2        4,289.0         980        7,598  cudaEventDestroy     
     0.0            7,533          1        7,533.0       7,533        7,533  cudaDeviceSynchronize
     0.0            7,076          2        3,538.0       1,026        6,050  cudaEventCreate      



CUDA Kernel Statistics:

 Time(%)  Total Time (ns)  Instances   Average   Minimum  Maximum                           Name                         
 -------  ---------------  ---------  ---------  -------  -------  ------------------------------------------------------
   100.0          259,871          1  259,871.0  259,871  259,871  grid_stride_add(float*, float*, float*, unsigned long)



CUDA Memory Operation Statistics (by time):

 Time(%)  Total Time (ns)  Operations    Average      Minimum     Maximum        Operation     
 -------  ---------------  ----------  ------------  ----------  ----------  ------------------
    61.0       45,070,641           1  45,070,641.0  45,070,641  45,070,641  [CUDA memcpy DtoH]
    38.9       28,752,794           2  14,376,397.0  14,289,117  14,463,677  [CUDA memcpy HtoD]
     0.1           80,320           1      80,320.0      80,320      80,320  [CUDA memset]     



CUDA Memory Operation Statistics (by size in KiB):

    Total     Operations   Average     Minimum     Maximum        Operation     
 -----------  ----------  ----------  ----------  ----------  ------------------
  65,536.000           1  65,536.000  65,536.000  65,536.000  [CUDA memcpy DtoH]
  65,536.000           1  65,536.000  65,536.000  65,536.000  [CUDA memset]     
 131,072.000           2  65,536.000  65,536.000  65,536.000  [CUDA memcpy HtoD]

