i: 6
[x.p_gpu]:0x7fcb20000000  [y.p_gpu]:0x7fcb24000000  [z.p_gpu]:0x7fcb28000018  [offset ]:24 	[Max_Err]: 0 [FuncName]: grid-stride loop	[TimeSpan]: 0.264704 ms	[Bwidth(GB/s)]: 760.573


CUDA API Statistics:

 Time(%)  Total Time (ns)  Num Calls     Average      Minimum      Maximum            Name         
 -------  ---------------  ---------  -------------  ----------  -----------  ---------------------
    83.4      408,634,201          3  136,211,400.3     356,995  407,892,924  cudaMalloc           
    16.1       78,774,340          3   26,258,113.3  10,676,035   57,183,825  cudaMemcpy           
     0.4        1,800,521          3      600,173.7       1,940    1,356,674  cudaFree             
     0.1          306,911          1      306,911.0     306,911      306,911  cudaEventSynchronize 
     0.0           75,738          1       75,738.0      75,738       75,738  cudaMemset           
     0.0           49,993          2       24,996.5       1,141       48,852  cudaEventDestroy     
     0.0           28,807          1       28,807.0      28,807       28,807  cudaLaunchKernel     
     0.0           16,392          2        8,196.0       4,776       11,616  cudaEventRecord      
     0.0            9,002          1        9,002.0       9,002        9,002  cudaDeviceSynchronize
     0.0            7,964          2        3,982.0         882        7,082  cudaEventCreate      



CUDA Kernel Statistics:

 Time(%)  Total Time (ns)  Instances   Average   Minimum  Maximum                           Name                         
 -------  ---------------  ---------  ---------  -------  -------  ------------------------------------------------------
   100.0          259,327          1  259,327.0  259,327  259,327  grid_stride_add(float*, float*, float*, unsigned long)



CUDA Memory Operation Statistics (by time):

 Time(%)  Total Time (ns)  Operations    Average      Minimum     Maximum        Operation     
 -------  ---------------  ----------  ------------  ----------  ----------  ------------------
    72.3       55,529,325           1  55,529,325.0  55,529,325  55,529,325  [CUDA memcpy DtoH]
    27.6       21,201,608           2  10,600,804.0  10,488,517  10,713,091  [CUDA memcpy HtoD]
     0.1           80,511           1      80,511.0      80,511      80,511  [CUDA memset]     



CUDA Memory Operation Statistics (by size in KiB):

    Total     Operations   Average     Minimum     Maximum        Operation     
 -----------  ----------  ----------  ----------  ----------  ------------------
  65,536.000           1  65,536.000  65,536.000  65,536.000  [CUDA memcpy DtoH]
  65,536.000           1  65,536.000  65,536.000  65,536.000  [CUDA memset]     
 131,072.000           2  65,536.000  65,536.000  65,536.000  [CUDA memcpy HtoD]

