i: 8
[x.p_gpu]:0x7f1532000000  [y.p_gpu]:0x7f1536000000  [z.p_gpu]:0x7f153a000020  [offset ]:32 	[Max_Err]: 0 [FuncName]: grid-stride loop	[TimeSpan]: 0.248672 ms	[Bwidth(GB/s)]: 809.607


CUDA API Statistics:

 Time(%)  Total Time (ns)  Num Calls     Average      Minimum     Maximum            Name         
 -------  ---------------  ---------  -------------  ---------  -----------  ---------------------
    83.8      420,871,077          3  140,290,359.0    364,347  420,134,283  cudaMalloc           
    15.8       79,602,903          3   26,534,301.0  7,927,600   63,687,321  cudaMemcpy           
     0.3        1,360,678          3      453,559.3      1,642    1,004,416  cudaFree             
     0.1          330,562          1      330,562.0    330,562      330,562  cudaEventSynchronize 
     0.0           55,564          2       27,782.0      1,357       54,207  cudaEventDestroy     
     0.0           55,470          1       55,470.0     55,470       55,470  cudaMemset           
     0.0           21,145          1       21,145.0     21,145       21,145  cudaLaunchKernel     
     0.0           13,125          1       13,125.0     13,125       13,125  cudaDeviceSynchronize
     0.0           11,792          2        5,896.0      3,257        8,535  cudaEventRecord      
     0.0            7,764          2        3,882.0        998        6,766  cudaEventCreate      



CUDA Kernel Statistics:

 Time(%)  Total Time (ns)  Instances   Average   Minimum  Maximum                           Name                         
 -------  ---------------  ---------  ---------  -------  -------  ------------------------------------------------------
   100.0          243,551          1  243,551.0  243,551  243,551  grid_stride_add(float*, float*, float*, unsigned long)



CUDA Memory Operation Statistics (by time):

 Time(%)  Total Time (ns)  Operations    Average      Minimum     Maximum        Operation     
 -------  ---------------  ----------  ------------  ----------  ----------  ------------------
    79.6       61,434,879           1  61,434,879.0  61,434,879  61,434,879  [CUDA memcpy DtoH]
    20.3       15,682,198           2   7,841,099.0   7,818,603   7,863,595  [CUDA memcpy HtoD]
     0.1           80,224           1      80,224.0      80,224      80,224  [CUDA memset]     



CUDA Memory Operation Statistics (by size in KiB):

    Total     Operations   Average     Minimum     Maximum        Operation     
 -----------  ----------  ----------  ----------  ----------  ------------------
  65,536.000           1  65,536.000  65,536.000  65,536.000  [CUDA memcpy DtoH]
  65,536.000           1  65,536.000  65,536.000  65,536.000  [CUDA memset]     
 131,072.000           2  65,536.000  65,536.000  65,536.000  [CUDA memcpy HtoD]

