i: 5
[x.p_gpu]:0x7ff490000014  [y.p_gpu]:0x7ff48c000000  [z.p_gpu]:0x7ff488000000  [offset ]:20 	[Max_Err]: 0 [FuncName]: grid-stride loop	[TimeSpan]: 0.251072 ms	[Bwidth(GB/s)]: 801.868


CUDA API Statistics:

 Time(%)  Total Time (ns)  Num Calls     Average      Minimum      Maximum            Name         
 -------  ---------------  ---------  -------------  ----------  -----------  ---------------------
    83.5      388,074,958          3  129,358,319.3     368,254  387,336,467  cudaMalloc           
    16.3       75,708,693          3   25,236,231.0  14,607,719   46,468,698  cudaMemcpy           
     0.2          767,330          3      255,776.7       9,843      431,486  cudaFree             
     0.1          330,626          1      330,626.0     330,626      330,626  cudaEventSynchronize 
     0.0           56,242          1       56,242.0      56,242       56,242  cudaMemset           
     0.0           21,862          1       21,862.0      21,862       21,862  cudaLaunchKernel     
     0.0           11,540          2        5,770.0       3,053        8,487  cudaEventRecord      
     0.0            8,361          2        4,180.5       1,052        7,309  cudaEventDestroy     
     0.0            7,756          1        7,756.0       7,756        7,756  cudaDeviceSynchronize
     0.0            7,497          2        3,748.5       1,010        6,487  cudaEventCreate      



CUDA Kernel Statistics:

 Time(%)  Total Time (ns)  Instances   Average   Minimum  Maximum                           Name                         
 -------  ---------------  ---------  ---------  -------  -------  ------------------------------------------------------
   100.0          245,855          1  245,855.0  245,855  245,855  grid_stride_add(float*, float*, float*, unsigned long)



CUDA Memory Operation Statistics (by time):

 Time(%)  Total Time (ns)  Operations    Average      Minimum     Maximum        Operation     
 -------  ---------------  ----------  ------------  ----------  ----------  ------------------
    60.9       45,082,289           1  45,082,289.0  45,082,289  45,082,289  [CUDA memcpy DtoH]
    38.9       28,803,674           2  14,401,837.0  14,377,469  14,426,205  [CUDA memcpy HtoD]
     0.1           80,159           1      80,159.0      80,159      80,159  [CUDA memset]     



CUDA Memory Operation Statistics (by size in KiB):

    Total     Operations   Average     Minimum     Maximum        Operation     
 -----------  ----------  ----------  ----------  ----------  ------------------
  65,536.000           1  65,536.000  65,536.000  65,536.000  [CUDA memcpy DtoH]
  65,536.000           1  65,536.000  65,536.000  65,536.000  [CUDA memset]     
 131,072.000           2  65,536.000  65,536.000  65,536.000  [CUDA memcpy HtoD]

