i: 7
[x.p_gpu]:0x7f7e8200001c  [y.p_gpu]:0x7f7e7e000000  [z.p_gpu]:0x7f7e7a000000  [offset ]:28 	[Max_Err]: 0 [FuncName]: grid-stride loop	[TimeSpan]: 0.251456 ms	[Bwidth(GB/s)]: 800.643


CUDA API Statistics:

 Time(%)  Total Time (ns)  Num Calls     Average      Minimum      Maximum            Name         
 -------  ---------------  ---------  -------------  ----------  -----------  ---------------------
    83.7      391,097,542          3  130,365,847.3     393,148  390,286,836  cudaMalloc           
    16.1       75,041,247          3   25,013,749.0  14,429,273   46,145,051  cudaMemcpy           
     0.2          797,790          3      265,930.0       9,213      459,469  cudaFree             
     0.1          342,537          1      342,537.0     342,537      342,537  cudaEventSynchronize 
     0.0           59,398          1       59,398.0      59,398       59,398  cudaMemset           
     0.0           23,394          1       23,394.0      23,394       23,394  cudaLaunchKernel     
     0.0           11,394          2        5,697.0       3,155        8,239  cudaEventRecord      
     0.0            9,112          2        4,556.0       1,041        8,071  cudaEventCreate      
     0.0            7,611          2        3,805.5         943        6,668  cudaEventDestroy     
     0.0            7,079          1        7,079.0       7,079        7,079  cudaDeviceSynchronize



CUDA Kernel Statistics:

 Time(%)  Total Time (ns)  Instances   Average   Minimum  Maximum                           Name                         
 -------  ---------------  ---------  ---------  -------  -------  ------------------------------------------------------
   100.0          246,272          1  246,272.0  246,272  246,272  grid_stride_add(float*, float*, float*, unsigned long)



CUDA Memory Operation Statistics (by time):

 Time(%)  Total Time (ns)  Operations    Average      Minimum     Maximum        Operation     
 -------  ---------------  ----------  ------------  ----------  ----------  ------------------
    61.1       44,776,016           1  44,776,016.0  44,776,016  44,776,016  [CUDA memcpy DtoH]
    38.8       28,449,050           2  14,224,525.0  14,217,341  14,231,709  [CUDA memcpy HtoD]
     0.1           80,512           1      80,512.0      80,512      80,512  [CUDA memset]     



CUDA Memory Operation Statistics (by size in KiB):

    Total     Operations   Average     Minimum     Maximum        Operation     
 -----------  ----------  ----------  ----------  ----------  ------------------
  65,536.000           1  65,536.000  65,536.000  65,536.000  [CUDA memcpy DtoH]
  65,536.000           1  65,536.000  65,536.000  65,536.000  [CUDA memset]     
 131,072.000           2  65,536.000  65,536.000  65,536.000  [CUDA memcpy HtoD]

