i: 1
[x.p_gpu]:0x7f4dfe000004  [y.p_gpu]:0x7f4dfa000000  [z.p_gpu]:0x7f4df6000000  [offset ]:4 	[Max_Err]: 0 [FuncName]: grid-stride loop	[TimeSpan]: 0.251616 ms	[Bwidth(GB/s)]: 800.134


CUDA API Statistics:

 Time(%)  Total Time (ns)  Num Calls     Average      Minimum      Maximum            Name         
 -------  ---------------  ---------  -------------  ----------  -----------  ---------------------
    81.9      348,839,918          3  116,279,972.7     357,165  348,121,914  cudaMalloc           
    17.8       76,048,836          3   25,349,612.0  14,650,040   46,605,749  cudaMemcpy           
     0.2          767,224          3      255,741.3       8,110      431,900  cudaFree             
     0.1          328,337          1      328,337.0     328,337      328,337  cudaEventSynchronize 
     0.0           60,816          1       60,816.0      60,816       60,816  cudaMemset           
     0.0           22,646          1       22,646.0      22,646       22,646  cudaLaunchKernel     
     0.0           12,942          2        6,471.0       3,366        9,576  cudaEventRecord      
     0.0            9,423          1        9,423.0       9,423        9,423  cudaDeviceSynchronize
     0.0            8,470          2        4,235.0       1,317        7,153  cudaEventDestroy     
     0.0            7,385          2        3,692.5         972        6,413  cudaEventCreate      



CUDA Kernel Statistics:

 Time(%)  Total Time (ns)  Instances   Average   Minimum  Maximum                           Name                         
 -------  ---------------  ---------  ---------  -------  -------  ------------------------------------------------------
   100.0          246,528          1  246,528.0  246,528  246,528  grid_stride_add(float*, float*, float*, unsigned long)



CUDA Memory Operation Statistics (by time):

 Time(%)  Total Time (ns)  Operations    Average      Minimum     Maximum        Operation     
 -------  ---------------  ----------  ------------  ----------  ----------  ------------------
    60.9       45,210,432           1  45,210,432.0  45,210,432  45,210,432  [CUDA memcpy DtoH]
    39.0       28,984,963           2  14,492,481.5  14,427,970  14,556,993  [CUDA memcpy HtoD]
     0.1           80,224           1      80,224.0      80,224      80,224  [CUDA memset]     



CUDA Memory Operation Statistics (by size in KiB):

    Total     Operations   Average     Minimum     Maximum        Operation     
 -----------  ----------  ----------  ----------  ----------  ------------------
  65,536.000           1  65,536.000  65,536.000  65,536.000  [CUDA memcpy DtoH]
  65,536.000           1  65,536.000  65,536.000  65,536.000  [CUDA memset]     
 131,072.000           2  65,536.000  65,536.000  65,536.000  [CUDA memcpy HtoD]

