i: 3
[x.p_gpu]:0x7f822e00000c  [y.p_gpu]:0x7f822a000000  [z.p_gpu]:0x7f8226000000  [offset ]:12 	[Max_Err]: 0 [FuncName]: grid-stride loop	[TimeSpan]: 0.25136 ms	[Bwidth(GB/s)]: 800.949


CUDA API Statistics:

 Time(%)  Total Time (ns)  Num Calls     Average      Minimum      Maximum            Name         
 -------  ---------------  ---------  -------------  ----------  -----------  ---------------------
    85.1      452,735,938          3  150,911,979.3     419,504  451,879,702  cudaMalloc           
    14.5       77,278,113          3   25,759,371.0  15,175,008   46,314,778  cudaMemcpy           
     0.3        1,330,438          3      443,479.3      41,162      932,452  cudaFree             
     0.1          325,682          1      325,682.0     325,682      325,682  cudaEventSynchronize 
     0.0           59,214          1       59,214.0      59,214       59,214  cudaMemset           
     0.0           34,742          2       17,371.0       1,010       33,732  cudaEventDestroy     
     0.0           25,058          1       25,058.0      25,058       25,058  cudaLaunchKernel     
     0.0           13,406          2        6,703.0       3,486        9,920  cudaEventRecord      
     0.0           10,411          2        5,205.5       1,215        9,196  cudaEventCreate      
     0.0            9,264          1        9,264.0       9,264        9,264  cudaDeviceSynchronize



CUDA Kernel Statistics:

 Time(%)  Total Time (ns)  Instances   Average   Minimum  Maximum                           Name                         
 -------  ---------------  ---------  ---------  -------  -------  ------------------------------------------------------
   100.0          245,951          1  245,951.0  245,951  245,951  grid_stride_add(float*, float*, float*, unsigned long)



CUDA Memory Operation Statistics (by time):

 Time(%)  Total Time (ns)  Operations    Average      Minimum     Maximum        Operation     
 -------  ---------------  ----------  ------------  ----------  ----------  ------------------
    59.5       44,949,263           1  44,949,263.0  44,949,263  44,949,263  [CUDA memcpy DtoH]
    40.4       30,472,692           2  15,236,346.0  14,929,851  15,542,841  [CUDA memcpy HtoD]
     0.1           80,160           1      80,160.0      80,160      80,160  [CUDA memset]     



CUDA Memory Operation Statistics (by size in KiB):

    Total     Operations   Average     Minimum     Maximum        Operation     
 -----------  ----------  ----------  ----------  ----------  ------------------
  65,536.000           1  65,536.000  65,536.000  65,536.000  [CUDA memcpy DtoH]
  65,536.000           1  65,536.000  65,536.000  65,536.000  [CUDA memset]     
 131,072.000           2  65,536.000  65,536.000  65,536.000  [CUDA memcpy HtoD]

