i: 4
[x.p_gpu]:0x7fb038000010  [y.p_gpu]:0x7fb034000000  [z.p_gpu]:0x7fb030000000  [offset ]:16 	[Max_Err]: 0 [FuncName]: grid-stride loop	[TimeSpan]: 0.255648 ms	[Bwidth(GB/s)]: 787.515


CUDA API Statistics:

 Time(%)  Total Time (ns)  Num Calls     Average      Minimum      Maximum            Name         
 -------  ---------------  ---------  -------------  ----------  -----------  ---------------------
    80.2      307,637,352          3  102,545,784.0     341,940  306,949,541  cudaMalloc           
    19.5       74,926,896          3   24,975,632.0  14,342,702   46,214,767  cudaMemcpy           
     0.2          778,100          3      259,366.7       9,664      439,618  cudaFree             
     0.1          337,043          1      337,043.0     337,043      337,043  cudaEventSynchronize 
     0.0           58,740          1       58,740.0      58,740       58,740  cudaMemset           
     0.0           21,847          1       21,847.0      21,847       21,847  cudaLaunchKernel     
     0.0           11,300          2        5,650.0       3,355        7,945  cudaEventRecord      
     0.0            8,156          2        4,078.0       1,118        7,038  cudaEventDestroy     
     0.0            6,832          2        3,416.0         857        5,975  cudaEventCreate      
     0.0            6,595          1        6,595.0       6,595        6,595  cudaDeviceSynchronize



CUDA Kernel Statistics:

 Time(%)  Total Time (ns)  Instances   Average   Minimum  Maximum                           Name                         
 -------  ---------------  ---------  ---------  -------  -------  ------------------------------------------------------
   100.0          246,336          1  246,336.0  246,336  246,336  grid_stride_add(float*, float*, float*, unsigned long)



CUDA Memory Operation Statistics (by time):

 Time(%)  Total Time (ns)  Operations    Average      Minimum     Maximum        Operation     
 -------  ---------------  ----------  ------------  ----------  ----------  ------------------
    61.3       44,824,793           1  44,824,793.0  44,824,793  44,824,793  [CUDA memcpy DtoH]
    38.6       28,260,702           2  14,130,351.0  14,112,223  14,148,479  [CUDA memcpy HtoD]
     0.1           80,096           1      80,096.0      80,096      80,096  [CUDA memset]     



CUDA Memory Operation Statistics (by size in KiB):

    Total     Operations   Average     Minimum     Maximum        Operation     
 -----------  ----------  ----------  ----------  ----------  ------------------
  65,536.000           1  65,536.000  65,536.000  65,536.000  [CUDA memcpy DtoH]
  65,536.000           1  65,536.000  65,536.000  65,536.000  [CUDA memset]     
 131,072.000           2  65,536.000  65,536.000  65,536.000  [CUDA memcpy HtoD]

